[2025-03-19 16:38:51 : INFO] - Full Cache Purge triggered by: WPO_Page_Cache::handle_purge_single_page_cache 
[2025-03-19 16:42:15 : INFO] - Cache for URL: https://beeusa.net/?p=36571 has been purged, triggered by action: save_post 
[2025-03-19 16:42:15 : INFO] - Cache for blog post has been purged due to updates to post with Title: "Auto Draft" and URL: https://beeusa.net/?p=36571, triggered by action: save_post 
[2025-03-19 16:42:15 : INFO] - Cache for previous post (with URL: https://beeusa.net/the-bee-construction-ecosystem-a-network-of-excellence/) adjacent to post with id: 36571 has been purged, triggered by action: save_post 
[2025-03-19 16:42:15 : INFO] - Cache for all archives page associated with post_type: post and Title: "Auto Draft" have been purged, triggered by action: save_post 
[2025-03-19 16:43:30 : INFO] - Pruning the Cache log file 
[2025-03-19 16:44:58 : INFO] - Full Cache Purge triggered by: plugin activation/deactivation 
[2025-03-19 16:50:02 : INFO] - Cache for URL: https://beeusa.net/layouts/header-default/ has been purged, triggered by action: save_post 
[2025-03-19 16:50:02 : INFO] - Cache for URL: https://beeusa.net/layouts/header-default/ has been purged, triggered by action: save_post 
[2025-03-19 16:50:02 : INFO] - Cache for URL: https://beeusa.net/layouts/header-default/ has been purged, triggered by action: save_post 
[2025-03-19 16:50:20 : INFO] - Full Cache Purge triggered by: WPO_Page_Cache::handle_purge_single_page_cache 
[2025-03-19 16:51:19 : INFO] - Cache for URL: https://beeusa.net/layouts/header-default-single/ has been purged, triggered by action: save_post 
[2025-03-19 16:51:19 : INFO] - Cache for URL: https://beeusa.net/layouts/header-default-single/ has been purged, triggered by action: save_post 
[2025-03-19 16:51:19 : INFO] - Cache for URL: https://beeusa.net/layouts/header-default-single/ has been purged, triggered by action: save_post 
[2025-03-19 16:51:34 : INFO] - Cache for URL: https://beeusa.net/layouts/header-default-single/ has been purged, triggered by action: save_post 
[2025-03-19 16:51:34 : INFO] - Cache for URL: https://beeusa.net/layouts/header-default-single/ has been purged, triggered by action: save_post 
[2025-03-19 16:51:34 : INFO] - Cache for URL: https://beeusa.net/layouts/header-default-single/ has been purged, triggered by action: save_post 
[2025-03-19 23:37:34 : INFO] - Cache for URL: https://beeusa.net/layouts/footer-default/ has been purged, triggered by action: save_post 
[2025-03-19 23:37:34 : INFO] - Cache for URL: https://beeusa.net/layouts/footer-default/ has been purged, triggered by action: save_post 
[2025-03-19 23:37:34 : INFO] - Cache for URL: https://beeusa.net/layouts/footer-default/ has been purged, triggered by action: save_post 
[2025-03-19 23:38:20 : INFO] - Full Cache Purge triggered by: WPO_Page_Cache::handle_purge_single_page_cache 
[2025-03-19 23:39:03 : INFO] - Cache for URL: https://beeusa.net/layouts/footer-compact/ has been purged, triggered by action: save_post 
[2025-03-19 23:39:03 : INFO] - Cache for URL: https://beeusa.net/layouts/footer-compact/ has been purged, triggered by action: save_post 
[2025-03-19 23:39:03 : INFO] - Cache for URL: https://beeusa.net/layouts/footer-compact/ has been purged, triggered by action: save_post 
[2025-03-19 23:39:21 : INFO] - Cache for URL: https://beeusa.net/layouts/footer-compact/ has been purged, triggered by action: save_post 
[2025-03-19 23:39:21 : INFO] - Cache for URL: https://beeusa.net/layouts/footer-compact/ has been purged, triggered by action: save_post 
[2025-03-19 23:39:21 : INFO] - Cache for URL: https://beeusa.net/layouts/footer-compact/ has been purged, triggered by action: save_post 
[2025-03-19 23:41:05 : INFO] - Cache for URL: https://beeusa.net/layouts/footer-default/ has been purged, triggered by action: save_post 
[2025-03-19 23:41:05 : INFO] - Cache for URL: https://beeusa.net/layouts/footer-default/ has been purged, triggered by action: save_post 
[2025-03-19 23:41:05 : INFO] - Cache for URL: https://beeusa.net/layouts/footer-default/ has been purged, triggered by action: save_post 
[2025-03-19 23:42:45 : INFO] - Cache for URL: https://beeusa.net/layouts/footer-default/ has been purged, triggered by action: save_post 
[2025-03-19 23:42:45 : INFO] - Cache for URL: https://beeusa.net/layouts/footer-default/ has been purged, triggered by action: save_post 
[2025-03-19 23:42:46 : INFO] - Cache for URL: https://beeusa.net/layouts/footer-default/ has been purged, triggered by action: save_post 
[2025-03-19 23:44:24 : INFO] - Full Cache Purge triggered by: plugin activation/deactivation 
[2025-03-20 00:08:07 : INFO] - Full Cache Purge triggered by: WPO_Page_Cache::handle_purge_single_page_cache 
[2025-03-20 00:13:06 : INFO] - Cache for URL: https://beeusa.net/layouts/footer-single/ has been purged, triggered by action: save_post 
[2025-03-20 00:13:06 : INFO] - Cache for URL: https://beeusa.net/layouts/footer-single/ has been purged, triggered by action: save_post 
[2025-03-20 00:13:06 : INFO] - Cache for URL: https://beeusa.net/layouts/footer-single/ has been purged, triggered by action: save_post 
[2025-03-20 00:14:31 : INFO] - Cache for URL: https://beeusa.net/layouts/header-default-single/ has been purged, triggered by action: save_post 
[2025-03-20 00:14:32 : INFO] - Cache for URL: https://beeusa.net/layouts/header-default-single/ has been purged, triggered by action: save_post 
[2025-03-20 00:14:32 : INFO] - Cache for URL: https://beeusa.net/layouts/header-default-single/ has been purged, triggered by action: save_post 
[2025-03-20 00:15:20 : INFO] - Cache for URL: https://beeusa.net/layouts/header-default/ has been purged, triggered by action: save_post 
[2025-03-20 00:15:20 : INFO] - Cache for URL: https://beeusa.net/layouts/header-default/ has been purged, triggered by action: save_post 
[2025-03-20 00:15:20 : INFO] - Cache for URL: https://beeusa.net/layouts/header-default/ has been purged, triggered by action: save_post 
[2025-03-20 00:17:40 : INFO] - Cache for URL: https://beeusa.net/contact/ has been purged, triggered by action: save_post 
[2025-03-20 00:17:41 : INFO] - Cache for URL: https://beeusa.net/contact/ has been purged, triggered by action: save_post 
[2025-03-20 00:17:41 : INFO] - Cache for URL: https://beeusa.net/contact/ has been purged, triggered by action: save_post 
[2025-03-20 00:18:44 : INFO] - Cache for URL: https://beeusa.net/contact/ has been purged, triggered by action: save_post 
[2025-03-20 00:18:44 : INFO] - Cache for URL: https://beeusa.net/contact/ has been purged, triggered by action: save_post 
[2025-03-20 00:18:44 : INFO] - Cache for URL: https://beeusa.net/contact/ has been purged, triggered by action: save_post 
[2025-03-20 00:20:32 : INFO] - Cache for URL: https://beeusa.net/contact/ has been purged, triggered by action: save_post 
[2025-03-20 00:20:32 : INFO] - Cache for URL: https://beeusa.net/contact/ has been purged, triggered by action: save_post 
[2025-03-20 00:20:32 : INFO] - Cache for URL: https://beeusa.net/contact/ has been purged, triggered by action: save_post 
[2025-03-20 00:20:53 : INFO] - Cache for URL: https://beeusa.net/contact/ has been purged, triggered by action: save_post 
[2025-03-20 00:20:53 : INFO] - Cache for URL: https://beeusa.net/contact/ has been purged, triggered by action: save_post 
[2025-03-20 00:20:54 : INFO] - Cache for URL: https://beeusa.net/contact/ has been purged, triggered by action: save_post 
[2025-03-20 01:19:41 : INFO] - Cache for URL: https://beeusa.net/?p=36601 has been purged, triggered by action: save_post 
[2025-03-20 01:19:41 : INFO] - Cache for blog post has been purged due to updates to post with Title: "Auto Draft" and URL: https://beeusa.net/?p=36601, triggered by action: save_post 
[2025-03-20 01:19:41 : INFO] - Cache for previous post (with URL: https://beeusa.net/the-bee-construction-ecosystem-a-network-of-excellence/) adjacent to post with id: 36601 has been purged, triggered by action: save_post 
[2025-03-20 01:19:41 : INFO] - Cache for all archives page associated with post_type: post and Title: "Auto Draft" have been purged, triggered by action: save_post 
[2025-03-20 01:27:09 : INFO] - Cache for URL: https://beeusa.net/?p=36602 has been purged, triggered by action: save_post 
[2025-03-20 01:27:09 : INFO] - Cache for blog post has been purged due to updates to post with Title: "Auto Draft" and URL: https://beeusa.net/?p=36602, triggered by action: save_post 
[2025-03-20 01:27:09 : INFO] - Cache for previous post (with URL: https://beeusa.net/the-bee-construction-ecosystem-a-network-of-excellence/) adjacent to post with id: 36602 has been purged, triggered by action: save_post 
[2025-03-20 01:27:09 : INFO] - Cache for all archives page associated with post_type: post and Title: "Auto Draft" have been purged, triggered by action: save_post 
[2025-03-20 01:36:22 : INFO] - Cache for URL: https://beeusa.net/layouts/header-default/ has been purged, triggered by action: save_post 
[2025-03-20 01:36:23 : INFO] - Cache for URL: https://beeusa.net/layouts/header-default/ has been purged, triggered by action: save_post 
[2025-03-20 01:36:23 : INFO] - Cache for URL: https://beeusa.net/layouts/header-default/ has been purged, triggered by action: save_post 
[2025-03-20 01:37:18 : INFO] - Cache for URL: https://beeusa.net/layouts/header-default-single/ has been purged, triggered by action: save_post 
[2025-03-20 01:37:18 : INFO] - Cache for URL: https://beeusa.net/layouts/header-default-single/ has been purged, triggered by action: save_post 
[2025-03-20 01:37:19 : INFO] - Cache for URL: https://beeusa.net/layouts/header-default-single/ has been purged, triggered by action: save_post 
[2025-03-20 01:40:54 : INFO] - Cache for URL: https://beeusa.net/layouts/footer-services-single/ has been purged, triggered by action: save_post 
[2025-03-20 01:40:55 : INFO] - Cache for URL: https://beeusa.net/layouts/footer-services-single/ has been purged, triggered by action: save_post 
[2025-03-20 01:40:55 : INFO] - Cache for URL: https://beeusa.net/layouts/footer-services-single/ has been purged, triggered by action: save_post 
[2025-03-20 01:48:11 : INFO] - Cache for multiple term taxonomy have been purged due to post terms update, triggered by action: set_object_terms 
[2025-03-20 01:48:11 : INFO] - Cache for URL: https://beeusa.net/portfolio/planning/ has been purged, triggered by action: save_post 
[2025-03-20 01:48:11 : INFO] - Cache for archive page associated with post_type: cpt_portfolio and Title: "Planning" has been purged, triggered by action: save_post 
[2025-03-20 01:48:12 : INFO] - Cache for URL: https://beeusa.net/ has been purged, triggered by: WPO_Page_Cache::handle_purge_single_page_cache 
[2025-03-20 01:50:22 : INFO] - Cache for multiple term taxonomy have been purged due to post terms update, triggered by action: set_object_terms 
[2025-03-20 01:50:22 : INFO] - Cache for URL: https://beeusa.net/portfolio/planning/ has been purged, triggered by action: save_post 
[2025-03-20 01:50:22 : INFO] - Cache for archive page associated with post_type: cpt_portfolio and Title: "Planning" has been purged, triggered by action: save_post 
[2025-03-20 01:51:17 : INFO] - Cache for multiple term taxonomy have been purged due to post terms update, triggered by action: set_object_terms 
[2025-03-20 01:51:17 : INFO] - Cache for URL: https://beeusa.net/portfolio/planning/ has been purged, triggered by action: save_post 
[2025-03-20 01:51:17 : INFO] - Cache for archive page associated with post_type: cpt_portfolio and Title: "Planning" has been purged, triggered by action: save_post 
[2025-03-20 01:52:33 : INFO] - Cache for URL: https://beeusa.net/layouts/header-default-single/ has been purged, triggered by action: save_post 
[2025-03-20 01:52:33 : INFO] - Cache for URL: https://beeusa.net/layouts/header-default-single/ has been purged, triggered by action: save_post 
[2025-03-20 01:52:34 : INFO] - Cache for URL: https://beeusa.net/layouts/header-default-single/ has been purged, triggered by action: save_post 
[2025-03-20 01:54:43 : INFO] - Cache for URL: https://beeusa.net/layouts/header-default-single/ has been purged, triggered by action: save_post 
[2025-03-20 01:54:44 : INFO] - Cache for URL: https://beeusa.net/layouts/header-default-single/ has been purged, triggered by action: save_post 
[2025-03-20 01:54:44 : INFO] - Cache for URL: https://beeusa.net/layouts/header-default-single/ has been purged, triggered by action: save_post 
[2025-03-20 01:59:36 : INFO] - Cache for URL: https://beeusa.net/portfolio/glass-house/ has been purged, triggered by action: save_post 
[2025-03-20 01:59:36 : INFO] - Cache for archive page associated with post_type: cpt_portfolio and Title: "Glass house" has been purged, triggered by action: save_post 
[2025-03-20 02:00:20 : INFO] - Cache for URL: https://beeusa.net/portfolio/glass-house/ has been purged, triggered by action: save_post 
[2025-03-20 02:00:20 : INFO] - Cache for archive page associated with post_type: cpt_portfolio and Title: "Glass house" has been purged, triggered by action: save_post 
[2025-03-20 02:01:54 : INFO] - Cache for URL: https://beeusa.net/portfolio/construction-process/ has been purged, triggered by action: save_post 
[2025-03-20 02:01:54 : INFO] - Cache for archive page associated with post_type: cpt_portfolio and Title: "Construction process" has been purged, triggered by action: save_post 
[2025-03-20 02:03:08 : INFO] - Cache for URL: https://beeusa.net/portfolio/residential-property/ has been purged, triggered by action: save_post 
[2025-03-20 02:03:08 : INFO] - Cache for archive page associated with post_type: cpt_portfolio and Title: "Residential property" has been purged, triggered by action: save_post 
[2025-03-20 02:11:06 : INFO] - Cache for URL: https://beeusa.net/ has been purged, triggered by: WPO_Page_Cache::handle_purge_single_page_cache 
[2025-03-20 02:12:39 : INFO] - Full Cache Purge triggered by: plugin activation/deactivation 
[2025-03-20 02:12:39 : INFO] - Full Cache Purge triggered by: WPO_Page_Cache::disable 
[2025-03-20 02:12:39 : INFO] - Full Cache Purge triggered by: WP_Optimize_Minify_Cache_Functions::purge_others 
[2025-03-20 02:14:28 : INFO] - Cache for multiple term taxonomy have been purged due to post terms update, triggered by action: set_object_terms 
[2025-03-20 02:14:28 : INFO] - Cache for URL: https://beeusa.net/portfolio/commercial-property/ has been purged, triggered by action: save_post 
[2025-03-20 02:14:28 : INFO] - Cache for archive page associated with post_type: cpt_portfolio and Title: "Commercial property" has been purged, triggered by action: save_post 
[2025-03-20 02:14:31 : INFO] - Pruning the Cache log file 
[2025-03-20 02:14:42 : INFO] - Pruning the Cache log file 
[2025-03-20 02:15:20 : INFO] - Cache for URL: https://beeusa.net/ has been purged, triggered by action: save_post 
[2025-03-20 02:15:21 : INFO] - Cache for URL: https://beeusa.net/ has been purged, triggered by action: save_post 
[2025-03-20 02:15:21 : INFO] - Cache for URL: https://beeusa.net/ has been purged, triggered by action: save_post 
[2025-03-20 02:15:52 : INFO] - Cache for URL: https://beeusa.net/layouts/header-default-single/ has been purged, triggered by action: save_post 
[2025-03-20 02:15:52 : INFO] - Cache for URL: https://beeusa.net/layouts/header-default-single/ has been purged, triggered by action: save_post 
[2025-03-20 02:15:52 : INFO] - Cache for URL: https://beeusa.net/layouts/header-default-single/ has been purged, triggered by action: save_post 
[2025-03-20 02:17:10 : INFO] - Cache for URL: https://beeusa.net/layouts/header-default-single/ has been purged, triggered by action: save_post 
[2025-03-20 02:17:10 : INFO] - Cache for URL: https://beeusa.net/layouts/header-default-single/ has been purged, triggered by action: save_post 
[2025-03-20 02:17:10 : INFO] - Cache for URL: https://beeusa.net/layouts/header-default-single/ has been purged, triggered by action: save_post 
[2025-03-20 02:17:21 : INFO] - Cache for multiple term taxonomy have been purged due to post terms update, triggered by action: set_object_terms 
[2025-03-20 02:17:21 : INFO] - Cache for URL: https://beeusa.net/portfolio/chapman-commercial-animal-hospital/ has been purged, triggered by action: save_post 
[2025-03-20 02:17:21 : INFO] - Cache for archive page associated with post_type: cpt_portfolio and Title: "Chapman &#8211; Commercial Animal Hospital" has been purged, triggered by action: save_post 
[2025-03-20 02:18:45 : INFO] - Cache for multiple term taxonomy have been purged due to post terms update, triggered by action: set_object_terms 
[2025-03-20 02:18:45 : INFO] - Cache for URL: https://beeusa.net/portfolio/chapman-commercial-animal-hospital/ has been purged, triggered by action: save_post 
[2025-03-20 02:18:45 : INFO] - Cache for archive page associated with post_type: cpt_portfolio and Title: "Chapman &#8211; Commercial Animal Hospital" has been purged, triggered by action: save_post 
[2025-03-20 02:20:34 : INFO] - Full Cache Purge triggered by: plugin activation/deactivation 
[2025-03-20 02:20:35 : INFO] - Full Cache Purge triggered by: plugin activation/deactivation 
[2025-03-20 02:20:35 : INFO] - Full Cache Purge triggered by: WPO_Page_Cache::disable 
[2025-03-20 02:20:35 : INFO] - Full Cache Purge triggered by: WP_Optimize_Minify_Cache_Functions::purge_others 
[2025-03-20 02:33:08 : INFO] - Full Cache Purge triggered by: plugin activation/deactivation 
[2025-03-20 02:33:26 : INFO] - Full Cache Purge triggered by: plugin activation/deactivation 
[2025-03-20 02:34:03 : INFO] - Cache for URL: https://beeusa.net/layouts/header-default-single/ has been purged, triggered by action: save_post 
[2025-03-20 02:34:03 : INFO] - Cache for URL: https://beeusa.net/layouts/header-default-single/ has been purged, triggered by action: save_post 
[2025-03-20 02:34:04 : INFO] - Cache for URL: https://beeusa.net/layouts/header-default-single/ has been purged, triggered by action: save_post 
[2025-03-20 02:34:04 : INFO] - Pruning the Cache log file 
[2025-03-20 02:34:15 : INFO] - Pruning the Cache log file 
[2025-03-20 02:34:57 : INFO] - Cache for URL: https://beeusa.net/layouts/header-default-single/ has been purged, triggered by action: save_post 
[2025-03-20 02:34:57 : INFO] - Cache for URL: https://beeusa.net/layouts/header-default-single/ has been purged, triggered by action: save_post 
[2025-03-20 02:34:58 : INFO] - Cache for URL: https://beeusa.net/layouts/header-default-single/ has been purged, triggered by action: save_post 
[2025-03-20 02:36:18 : INFO] - Cache for URL: https://beeusa.net/layouts/header-default-single/ has been purged, triggered by action: save_post 
[2025-03-20 02:36:19 : INFO] - Cache for URL: https://beeusa.net/layouts/header-default-single/ has been purged, triggered by action: save_post 
[2025-03-20 02:36:19 : INFO] - Cache for URL: https://beeusa.net/layouts/header-default-single/ has been purged, triggered by action: save_post 
[2025-03-20 02:36:50 : INFO] - Cache for URL: https://beeusa.net/layouts/header-default-single/ has been purged, triggered by action: save_post 
[2025-03-20 02:36:51 : INFO] - Cache for URL: https://beeusa.net/layouts/header-default-single/ has been purged, triggered by action: save_post 
[2025-03-20 02:36:51 : INFO] - Cache for URL: https://beeusa.net/layouts/header-default-single/ has been purged, triggered by action: save_post 
[2025-03-20 02:37:51 : INFO] - Cache for URL: https://beeusa.net/layouts/header-default-single/ has been purged, triggered by action: save_post 
[2025-03-20 02:37:52 : INFO] - Cache for URL: https://beeusa.net/layouts/header-default-single/ has been purged, triggered by action: save_post 
[2025-03-20 02:37:52 : INFO] - Cache for URL: https://beeusa.net/layouts/header-default-single/ has been purged, triggered by action: save_post 
[2025-03-20 02:56:54 : INFO] - Cache for URL: https://beeusa.net/our-services/ has been purged, triggered by action: save_post 
[2025-03-20 02:56:55 : INFO] - Cache for URL: https://beeusa.net/our-services/ has been purged, triggered by action: save_post 
[2025-03-20 02:56:55 : INFO] - Cache for URL: https://beeusa.net/our-services/ has been purged, triggered by action: save_post 
[2025-03-20 03:00:46 : INFO] - Cache for URL: https://beeusa.net/our-services/ has been purged, triggered by action: save_post 
[2025-03-20 03:00:47 : INFO] - Cache for URL: https://beeusa.net/our-services/ has been purged, triggered by action: save_post 
[2025-03-20 03:00:48 : INFO] - Cache for URL: https://beeusa.net/our-services/ has been purged, triggered by action: save_post 
[2025-03-20 03:02:19 : INFO] - Cache for multiple term taxonomy have been purged due to post terms update, triggered by action: set_object_terms 
[2025-03-20 03:02:19 : INFO] - Cache for URL: https://beeusa.net/services/custom-home-construction/ has been purged, triggered by action: save_post 
[2025-03-20 03:02:19 : INFO] - Cache for archive page associated with post_type: cpt_services and Title: "CUSTOM HOME CONSTRUCTION" has been purged, triggered by action: save_post 
[2025-03-20 03:03:44 : INFO] - Cache for multiple term taxonomy have been purged due to post terms update, triggered by action: set_object_terms 
[2025-03-20 03:03:44 : INFO] - Cache for URL: https://beeusa.net/services/luxury-remodels-additions/ has been purged, triggered by action: save_post 
[2025-03-20 03:03:44 : INFO] - Cache for archive page associated with post_type: cpt_services and Title: "LUXURY REMODELS &#038; ADDITIONS" has been purged, triggered by action: save_post 
[2025-03-20 03:04:21 : INFO] - Cache for multiple term taxonomy have been purged due to post terms update, triggered by action: set_object_terms 
[2025-03-20 03:04:21 : INFO] - Cache for URL: https://beeusa.net/services/sustainable-building-practices/ has been purged, triggered by action: save_post 
[2025-03-20 03:04:21 : INFO] - Cache for archive page associated with post_type: cpt_services and Title: "SUSTAINABLE BUILDING  PRACTICES" has been purged, triggered by action: save_post 
[2025-03-20 03:05:33 : INFO] - Cache for multiple term taxonomy have been purged due to post terms update, triggered by action: set_object_terms 
[2025-03-20 03:05:33 : INFO] - Cache for URL: https://beeusa.net/services/project-management/ has been purged, triggered by action: save_post 
[2025-03-20 03:05:33 : INFO] - Cache for archive page associated with post_type: cpt_services and Title: "Project management" has been purged, triggered by action: save_post 
[2025-03-20 03:06:24 : INFO] - Cache for URL: https://beeusa.net/our-services/ has been purged, triggered by action: save_post 
[2025-03-20 03:06:25 : INFO] - Cache for URL: https://beeusa.net/our-services/ has been purged, triggered by action: save_post 
[2025-03-20 03:06:25 : INFO] - Cache for URL: https://beeusa.net/our-services/ has been purged, triggered by action: save_post 
[2025-03-20 03:07:34 : INFO] - Cache for URL: https://beeusa.net/our-services/ has been purged, triggered by action: save_post 
[2025-03-20 03:07:35 : INFO] - Cache for URL: https://beeusa.net/our-services/ has been purged, triggered by action: save_post 
[2025-03-20 03:07:35 : INFO] - Cache for URL: https://beeusa.net/our-services/ has been purged, triggered by action: save_post 
[2025-03-20 03:08:53 : INFO] - Cache for URL: https://beeusa.net/our-services/ has been purged, triggered by action: save_post 
[2025-03-20 03:08:53 : INFO] - Cache for URL: https://beeusa.net/our-services/ has been purged, triggered by action: save_post 
[2025-03-20 03:08:54 : INFO] - Cache for URL: https://beeusa.net/our-services/ has been purged, triggered by action: save_post 
[2025-03-20 03:10:40 : INFO] - Cache for multiple term taxonomy have been purged due to post terms update, triggered by action: set_object_terms 
[2025-03-20 03:10:40 : INFO] - Cache for URL: https://beeusa.net/services/permitting-and-approvals/ has been purged, triggered by action: save_post 
[2025-03-20 03:10:40 : INFO] - Cache for archive page associated with post_type: cpt_services and Title: "PERMITTING AND APPROVALS" has been purged, triggered by action: save_post 
[2025-03-20 03:16:09 : INFO] - Full Cache Purge triggered by action: wp_ajax_save-widget 
[2025-03-20 03:16:40 : INFO] - Full Cache Purge triggered by action: wp_ajax_save-widget 
[2025-03-20 03:16:59 : INFO] - Cache for URL: https://beeusa.net/layouts/header-default/ has been purged, triggered by action: save_post 
[2025-03-20 03:17:00 : INFO] - Cache for URL: https://beeusa.net/layouts/header-default/ has been purged, triggered by action: save_post 
[2025-03-20 03:17:00 : INFO] - Cache for URL: https://beeusa.net/layouts/header-default/ has been purged, triggered by action: save_post 
[2025-03-20 03:20:19 : INFO] - Cache for URL: https://beeusa.net/contact/ has been purged, triggered by action: save_post 
[2025-03-20 03:20:19 : INFO] - Cache for URL: https://beeusa.net/contact/ has been purged, triggered by action: save_post 
[2025-03-20 03:20:20 : INFO] - Cache for URL: https://beeusa.net/contact/ has been purged, triggered by action: save_post 
[2025-03-20 03:25:26 : INFO] - Cache for URL: https://beeusa.net/layouts/header-default/ has been purged, triggered by action: save_post 
[2025-03-20 03:25:27 : INFO] - Cache for URL: https://beeusa.net/layouts/header-default/ has been purged, triggered by action: save_post 
[2025-03-20 03:25:27 : INFO] - Cache for URL: https://beeusa.net/layouts/header-default/ has been purged, triggered by action: save_post 
[2025-03-20 03:32:36 : INFO] - Cache for URL: https://beeusa.net/layouts/header-default/ has been purged, triggered by action: save_post 
[2025-03-20 03:32:37 : INFO] - Cache for URL: https://beeusa.net/layouts/header-default/ has been purged, triggered by action: save_post 
[2025-03-20 03:32:37 : INFO] - Cache for URL: https://beeusa.net/layouts/header-default/ has been purged, triggered by action: save_post 
[2025-03-20 03:35:13 : INFO] - Full Cache Purge triggered by: plugin activation/deactivation 
[2025-03-20 03:36:41 : INFO] - Full Cache Purge triggered by: plugin activation/deactivation 
[2025-03-20 03:37:01 : INFO] - Full Cache Purge triggered by: plugin activation/deactivation 
[2025-03-20 03:37:01 : INFO] - Full Cache Purge triggered by: plugin activation/deactivation 
[2025-03-20 03:39:39 : INFO] - Cache for URL: https://beeusa.net/our-company/ has been purged, triggered by: WPO_Page_Cache::handle_purge_single_page_cache 
[2025-03-20 04:09:00 : INFO] - Cache for URL: https://beeusa.net/layouts/header-default/ has been purged, triggered by action: save_post 
[2025-03-20 04:09:00 : INFO] - Cache for URL: https://beeusa.net/layouts/header-default/ has been purged, triggered by action: save_post 
[2025-03-20 04:09:00 : INFO] - Cache for URL: https://beeusa.net/layouts/header-default/ has been purged, triggered by action: save_post 
[2025-03-20 04:10:16 : INFO] - Full Cache Purge triggered by action: customize_save_after 
[2025-03-20 04:10:53 : INFO] - Full Cache Purge triggered by action: customize_save_after 
[2025-03-20 04:11:48 : INFO] - Cache for URL: https://beeusa.net/layouts/header-default/ has been purged, triggered by action: save_post 
[2025-03-20 04:11:48 : INFO] - Cache for URL: https://beeusa.net/layouts/header-default/ has been purged, triggered by action: save_post 
[2025-03-20 04:11:48 : INFO] - Cache for URL: https://beeusa.net/layouts/header-default/ has been purged, triggered by action: save_post 
[2025-03-20 04:13:44 : INFO] - Cache for URL: https://beeusa.net/layouts/header-default-single/ has been purged, triggered by action: save_post 
[2025-03-20 04:13:45 : INFO] - Cache for URL: https://beeusa.net/layouts/header-default-single/ has been purged, triggered by action: save_post 
[2025-03-20 04:13:45 : INFO] - Cache for URL: https://beeusa.net/layouts/header-default-single/ has been purged, triggered by action: save_post 
[2025-03-20 04:14:33 : INFO] - Cache for URL: https://beeusa.net/layouts/header-default-single/ has been purged, triggered by action: save_post 
[2025-03-20 04:14:34 : INFO] - Cache for URL: https://beeusa.net/layouts/header-default-single/ has been purged, triggered by action: save_post 
[2025-03-20 04:14:34 : INFO] - Cache for URL: https://beeusa.net/layouts/header-default-single/ has been purged, triggered by action: save_post 
[2025-03-20 04:16:51 : INFO] - Cache for URL: https://beeusa.net/layouts/header-default-single/ has been purged, triggered by action: save_post 
[2025-03-20 04:16:52 : INFO] - Cache for URL: https://beeusa.net/layouts/header-default-single/ has been purged, triggered by action: save_post 
[2025-03-20 04:16:52 : INFO] - Cache for URL: https://beeusa.net/layouts/header-default-single/ has been purged, triggered by action: save_post 
[2025-03-20 04:22:05 : INFO] - Full Cache Purge triggered by: WPO_Page_Cache::handle_purge_single_page_cache 
[2025-03-20 04:25:02 : INFO] - Cache for URL: https://beeusa.net/layouts/header-default-single/ has been purged, triggered by action: save_post 
[2025-03-20 04:25:02 : INFO] - Cache for URL: https://beeusa.net/layouts/header-default-single/ has been purged, triggered by action: save_post 
[2025-03-20 04:25:03 : INFO] - Cache for URL: https://beeusa.net/layouts/header-default-single/ has been purged, triggered by action: save_post 
[2025-03-20 04:26:01 : INFO] - Cache for URL: https://beeusa.net/layouts/header-default-single/ has been purged, triggered by action: save_post 
[2025-03-20 04:26:02 : INFO] - Cache for URL: https://beeusa.net/layouts/header-default-single/ has been purged, triggered by action: save_post 
[2025-03-20 04:26:02 : INFO] - Cache for URL: https://beeusa.net/layouts/header-default-single/ has been purged, triggered by action: save_post 
[2025-03-20 04:26:31 : INFO] - Cache for URL: https://beeusa.net/layouts/header-default-single/ has been purged, triggered by action: save_post 
[2025-03-20 04:26:32 : INFO] - Cache for URL: https://beeusa.net/layouts/header-default-single/ has been purged, triggered by action: save_post 
[2025-03-20 04:26:32 : INFO] - Cache for URL: https://beeusa.net/layouts/header-default-single/ has been purged, triggered by action: save_post 
[2025-03-20 04:27:41 : INFO] - Cache for URL: https://beeusa.net/ has been purged, triggered by action: save_post 
[2025-03-20 04:29:02 : INFO] - Cache for URL: https://beeusa.net/ has been purged, triggered by action: save_post 
[2025-03-20 04:31:33 : INFO] - Cache for URL: https://beeusa.net/test/ has been purged, triggered by action: save_post 
[2025-03-20 04:31:34 : INFO] - Cache for URL: https://beeusa.net/test/ has been purged, triggered by action: save_post 
[2025-03-20 04:31:34 : INFO] - Cache for URL: https://beeusa.net/test/ has been purged, triggered by action: save_post 
[2025-03-20 04:31:50 : INFO] - Cache for URL: https://beeusa.net/test/ has been purged, triggered by action: save_post 
[2025-03-20 04:31:51 : INFO] - Cache for URL: https://beeusa.net/test/ has been purged, triggered by action: save_post 
[2025-03-20 04:31:51 : INFO] - Cache for URL: https://beeusa.net/test/ has been purged, triggered by action: save_post 
[2025-03-20 04:34:26 : INFO] - Cache for URL: https://beeusa.net/test/ has been purged, triggered by action: save_post 
[2025-03-20 04:34:27 : INFO] - Cache for URL: https://beeusa.net/test/ has been purged, triggered by action: save_post 
[2025-03-20 04:34:27 : INFO] - Cache for URL: https://beeusa.net/test/ has been purged, triggered by action: save_post 
[2025-03-20 04:36:39 : INFO] - Cache for URL: https://beeusa.net/test/ has been purged, triggered by action: save_post 
[2025-03-20 04:36:39 : INFO] - Cache for URL: https://beeusa.net/test/ has been purged, triggered by action: save_post 
[2025-03-20 04:36:40 : INFO] - Cache for URL: https://beeusa.net/test/ has been purged, triggered by action: save_post 
[2025-03-20 04:37:04 : INFO] - Cache for URL: https://beeusa.net/test/ has been purged, triggered by action: save_post 
[2025-03-20 04:37:04 : INFO] - Cache for URL: https://beeusa.net/test/ has been purged, triggered by action: save_post 
[2025-03-20 04:37:04 : INFO] - Cache for URL: https://beeusa.net/test/ has been purged, triggered by action: save_post 
[2025-03-20 04:37:24 : INFO] - Cache for URL: https://beeusa.net/test/ has been purged, triggered by action: save_post 
[2025-03-20 04:37:24 : INFO] - Cache for URL: https://beeusa.net/test/ has been purged, triggered by action: save_post 
[2025-03-20 04:37:25 : INFO] - Cache for URL: https://beeusa.net/test/ has been purged, triggered by action: save_post 
[2025-03-20 04:39:50 : INFO] - Cache for URL: https://beeusa.net/test/ has been purged, triggered by action: save_post 
[2025-03-20 04:39:50 : INFO] - Cache for URL: https://beeusa.net/test/ has been purged, triggered by action: save_post 
[2025-03-20 04:39:51 : INFO] - Cache for URL: https://beeusa.net/test/ has been purged, triggered by action: save_post 
[2025-03-20 04:41:59 : INFO] - Cache for URL: https://beeusa.net/test/ has been purged, triggered by action: save_post 
[2025-03-20 04:41:59 : INFO] - Cache for URL: https://beeusa.net/test/ has been purged, triggered by action: save_post 
[2025-03-20 04:42:00 : INFO] - Cache for URL: https://beeusa.net/test/ has been purged, triggered by action: save_post 
[2025-03-20 04:44:27 : INFO] - Cache for URL: https://beeusa.net/test/ has been purged, triggered by action: save_post 
[2025-03-20 04:44:28 : INFO] - Cache for URL: https://beeusa.net/test/ has been purged, triggered by action: save_post 
[2025-03-20 04:44:28 : INFO] - Cache for URL: https://beeusa.net/test/ has been purged, triggered by action: save_post 
[2025-03-20 04:45:07 : INFO] - Cache for URL: https://beeusa.net/test/ has been purged, triggered by action: save_post 
[2025-03-20 04:45:08 : INFO] - Cache for URL: https://beeusa.net/test/ has been purged, triggered by action: save_post 
[2025-03-20 04:45:08 : INFO] - Cache for URL: https://beeusa.net/test/ has been purged, triggered by action: save_post 
[2025-03-20 04:47:10 : INFO] - Cache for URL: https://beeusa.net/our-company/ has been purged, triggered by action: save_post 
[2025-03-20 04:47:11 : INFO] - Cache for URL: https://beeusa.net/our-company/ has been purged, triggered by action: save_post 
[2025-03-20 04:47:12 : INFO] - Cache for URL: https://beeusa.net/our-company/ has been purged, triggered by action: save_post 
[2025-03-20 04:47:35 : INFO] - Cache for URL: https://beeusa.net/our-company/ has been purged, triggered by action: save_post 
[2025-03-20 04:47:36 : INFO] - Cache for URL: https://beeusa.net/our-company/ has been purged, triggered by action: save_post 
[2025-03-20 04:47:37 : INFO] - Cache for URL: https://beeusa.net/our-company/ has been purged, triggered by action: save_post 
[2025-03-20 04:48:52 : INFO] - Full Cache Purge triggered by action: customize_save_after 
[2025-03-20 04:55:17 : INFO] - Cache for URL: https://beeusa.net/our-company/ has been purged, triggered by action: save_post 
[2025-03-20 04:55:18 : INFO] - Cache for URL: https://beeusa.net/our-company/ has been purged, triggered by action: save_post 
[2025-03-20 04:55:18 : INFO] - Cache for URL: https://beeusa.net/our-company/ has been purged, triggered by action: save_post 
[2025-03-20 04:58:43 : INFO] - Cache for multiple term taxonomy have been purged due to post terms update, triggered by action: set_object_terms 
[2025-03-20 04:58:44 : INFO] - Cache for URL: https://beeusa.net/the-bee-construction-ecosystem-a-network-of-excellence/ has been purged, triggered by action: save_post 
[2025-03-20 04:58:44 : INFO] - Cache for blog post has been purged due to updates to post with Title: "The Bee Construction Ecosystem: A Network of Excellence" and URL: https://beeusa.net/the-bee-construction-ecosystem-a-network-of-excellence/, triggered by action: save_post 
[2025-03-20 04:58:44 : INFO] - Cache for previous post (with URL: https://beeusa.net/the-art-of-building-lasting-relationships-with-quality-subcontractors/) adjacent to post with id: 36377 has been purged, triggered by action: save_post 
[2025-03-20 04:58:44 : INFO] - Cache for all archives page associated with post_type: post and Title: "The Bee Construction Ecosystem: A Network of Excellence" have been purged, triggered by action: save_post 
[2025-03-20 06:10:23 : INFO] - Cache for URL: https://beeusa.net/portfolio/jasmine-ave/ has been purged, triggered by action: save_post 
[2025-03-20 06:10:23 : INFO] - Cache for archive page associated with post_type: cpt_portfolio and Title: "Jasmine Ave" has been purged, triggered by action: save_post 
[2025-03-20 06:10:23 : INFO] - Cache for URL: https://beeusa.net/portfolio/jasmine-ave/ has been purged, triggered by action: save_post 
[2025-03-20 06:10:24 : INFO] - Cache for archive page associated with post_type: cpt_portfolio and Title: "Jasmine Ave" has been purged, triggered by action: save_post 
[2025-03-20 06:10:24 : INFO] - Cache for URL: https://beeusa.net/portfolio/jasmine-ave/ has been purged, triggered by action: save_post 
[2025-03-20 06:10:24 : INFO] - Cache for archive page associated with post_type: cpt_portfolio and Title: "Jasmine Ave" has been purged, triggered by action: save_post 
[2025-03-20 06:15:24 : INFO] - Cache for URL: https://beeusa.net/portfolio/channel-pi/ has been purged, triggered by action: save_post 
[2025-03-20 06:15:24 : INFO] - Cache for archive page associated with post_type: cpt_portfolio and Title: "Channel PI" has been purged, triggered by action: save_post 
[2025-03-20 06:15:24 : INFO] - Cache for URL: https://beeusa.net/portfolio/channel-pi/ has been purged, triggered by action: save_post 
[2025-03-20 06:15:24 : INFO] - Cache for archive page associated with post_type: cpt_portfolio and Title: "Channel PI" has been purged, triggered by action: save_post 
[2025-03-20 06:15:24 : INFO] - Cache for URL: https://beeusa.net/portfolio/channel-pi/ has been purged, triggered by action: save_post 
[2025-03-20 06:15:24 : INFO] - Cache for archive page associated with post_type: cpt_portfolio and Title: "Channel PI" has been purged, triggered by action: save_post 
[2025-03-20 06:21:06 : INFO] - Cache for URL: https://beeusa.net/portfolio/beach-blvd/ has been purged, triggered by action: save_post 
[2025-03-20 06:21:06 : INFO] - Cache for archive page associated with post_type: cpt_portfolio and Title: "Beach Blvd" has been purged, triggered by action: save_post 
[2025-03-20 06:21:06 : INFO] - Cache for URL: https://beeusa.net/portfolio/beach-blvd/ has been purged, triggered by action: save_post 
[2025-03-20 06:21:06 : INFO] - Cache for archive page associated with post_type: cpt_portfolio and Title: "Beach Blvd" has been purged, triggered by action: save_post 
[2025-03-20 06:21:07 : INFO] - Cache for URL: https://beeusa.net/portfolio/beach-blvd/ has been purged, triggered by action: save_post 
[2025-03-20 06:21:07 : INFO] - Cache for archive page associated with post_type: cpt_portfolio and Title: "Beach Blvd" has been purged, triggered by action: save_post 
[2025-03-20 06:23:54 : INFO] - Cache for multiple term taxonomy have been purged due to post terms update, triggered by action: set_object_terms 
[2025-03-20 06:23:54 : INFO] - Cache for URL: https://beeusa.net/the-bee-construction-ecosystem-a-network-of-excellence/ has been purged, triggered by action: save_post 
[2025-03-20 06:23:54 : INFO] - Cache for blog post has been purged due to updates to post with Title: "The Bee Construction Ecosystem: A Network of Excellence" and URL: https://beeusa.net/the-bee-construction-ecosystem-a-network-of-excellence/, triggered by action: save_post 
[2025-03-20 06:23:54 : INFO] - Cache for previous post (with URL: https://beeusa.net/the-art-of-building-lasting-relationships-with-quality-subcontractors/) adjacent to post with id: 36377 has been purged, triggered by action: save_post 
[2025-03-20 06:23:54 : INFO] - Cache for all archives page associated with post_type: post and Title: "The Bee Construction Ecosystem: A Network of Excellence" have been purged, triggered by action: save_post 
[2025-03-20 06:24:46 : INFO] - Full Cache Purge triggered by: WPO_Page_Cache::handle_purge_single_page_cache 
[2025-03-20 06:24:58 : INFO] - Cache for URL: https://beeusa.net/the-bee-construction-ecosystem-a-network-of-excellence/ has been purged, triggered by: WPO_Page_Cache::handle_purge_single_page_cache 
[2025-03-20 06:25:04 : INFO] - Cache for multiple term taxonomy have been purged due to post terms update, triggered by action: set_object_terms 
[2025-03-20 06:25:04 : INFO] - Cache for URL: https://beeusa.net/portfolio/jasmine-ave/ has been purged, triggered by action: save_post 
[2025-03-20 06:25:04 : INFO] - Cache for archive page associated with post_type: cpt_portfolio and Title: "Jasmine Ave" has been purged, triggered by action: save_post 
[2025-03-20 06:27:46 : INFO] - Cache for URL: https://beeusa.net/architecture/ has been purged, triggered by action: wp_trash_post 
[2025-03-20 06:27:46 : INFO] - Cache for URL: https://beeusa.net/?page_id=29501 has been purged, triggered by action: save_post 
[2025-03-20 06:27:46 : INFO] - Cache for URL: https://beeusa.net/engineering/ has been purged, triggered by action: wp_trash_post 
[2025-03-20 06:27:46 : INFO] - Cache for URL: https://beeusa.net/?page_id=29499 has been purged, triggered by action: save_post 
[2025-03-20 06:27:46 : INFO] - Cache for URL: https://beeusa.net/remodeling/ has been purged, triggered by action: wp_trash_post 
[2025-03-20 06:27:46 : INFO] - Cache for URL: https://beeusa.net/?page_id=29493 has been purged, triggered by action: save_post 
[2025-03-20 06:28:16 : INFO] - Cache for multiple term taxonomy have been purged due to post terms update, triggered by action: set_object_terms 
[2025-03-20 06:28:16 : INFO] - Cache for URL: https://beeusa.net/portfolio/fern/ has been purged, triggered by action: save_post 
[2025-03-20 06:28:16 : INFO] - Cache for archive page associated with post_type: cpt_portfolio and Title: "Fern" has been purged, triggered by action: save_post 
[2025-03-20 06:28:25 : INFO] - Cache for URL: https://beeusa.net/blog-portfolio/ has been purged, triggered by action: wp_trash_post 
[2025-03-20 06:28:25 : INFO] - Cache for URL: https://beeusa.net/?page_id=29525 has been purged, triggered by action: save_post 
[2025-03-20 06:28:25 : INFO] - Cache for URL: https://beeusa.net/blog-standard/ has been purged, triggered by action: wp_trash_post 
[2025-03-20 06:28:25 : INFO] - Cache for URL: https://beeusa.net/?page_id=372 has been purged, triggered by action: save_post 
[2025-03-20 06:28:25 : INFO] - Cache for URL: https://beeusa.net/portfolio-horizontal/ has been purged, triggered by action: wp_trash_post 
[2025-03-20 06:28:25 : INFO] - Cache for URL: https://beeusa.net/?page_id=29579 has been purged, triggered by action: save_post 
[2025-03-20 06:28:25 : INFO] - Cache for URL: https://beeusa.net/portfolio-horizontal-2/ has been purged, triggered by action: wp_trash_post 
[2025-03-20 06:28:25 : INFO] - Cache for URL: https://beeusa.net/?page_id=29581 has been purged, triggered by action: save_post 
[2025-03-20 06:28:25 : INFO] - Cache for URL: https://beeusa.net/portfolio-metro/ has been purged, triggered by action: wp_trash_post 
[2025-03-20 06:28:25 : INFO] - Cache for URL: https://beeusa.net/?page_id=29523 has been purged, triggered by action: save_post 
[2025-03-20 06:28:45 : INFO] - Cache for URL: https://beeusa.net/service-plus/ has been purged, triggered by action: wp_trash_post 
[2025-03-20 06:28:45 : INFO] - Cache for URL: https://beeusa.net/?page_id=29517 has been purged, triggered by action: save_post 
[2025-03-20 06:29:47 : INFO] - Cache for multiple term taxonomy have been purged due to post terms update, triggered by action: set_object_terms 
[2025-03-20 06:29:47 : INFO] - Cache for URL: https://beeusa.net/portfolio/sunside-multifamily-5-lots/ has been purged, triggered by action: save_post 
[2025-03-20 06:29:47 : INFO] - Cache for archive page associated with post_type: cpt_portfolio and Title: "Sunside &#8211; Multifamily 5 Lots" has been purged, triggered by action: save_post 
[2025-03-20 06:30:25 : INFO] - Cache for URL: https://beeusa.net/layouts/footer-single/ has been purged, triggered by action: save_post 
[2025-03-20 06:30:25 : INFO] - Cache for URL: https://beeusa.net/layouts/footer-single/ has been purged, triggered by action: save_post 
[2025-03-20 06:30:26 : INFO] - Cache for URL: https://beeusa.net/layouts/footer-single/ has been purged, triggered by action: save_post 
[2025-03-20 06:32:21 : INFO] - Cache for URL: https://beeusa.net/ has been purged, triggered by action: save_post 
[2025-03-20 06:33:20 : INFO] - Cache for URL: https://beeusa.net/portfolio/sunside-multifamily-5-lots/ has been purged, triggered by action: save_post 
[2025-03-20 06:33:20 : INFO] - Cache for archive page associated with post_type: cpt_portfolio and Title: "Sunside &#8211; Multifamily 5 Lots" has been purged, triggered by action: save_post 
[2025-03-20 06:33:20 : INFO] - Cache for URL: https://beeusa.net/portfolio/sunside-multifamily-5-lots/ has been purged, triggered by action: save_post 
[2025-03-20 06:33:20 : INFO] - Cache for archive page associated with post_type: cpt_portfolio and Title: "Sunside &#8211; Multifamily 5 Lots" has been purged, triggered by action: save_post 
[2025-03-20 06:33:20 : INFO] - Cache for URL: https://beeusa.net/portfolio/sunside-multifamily-5-lots/ has been purged, triggered by action: save_post 
[2025-03-20 06:33:20 : INFO] - Cache for archive page associated with post_type: cpt_portfolio and Title: "Sunside &#8211; Multifamily 5 Lots" has been purged, triggered by action: save_post 
[2025-03-20 06:34:10 : INFO] - Cache for multiple term taxonomy have been purged due to post terms update, triggered by action: set_object_terms 
[2025-03-20 06:34:10 : INFO] - Cache for URL: https://beeusa.net/portfolio/sunside-multifamily-5-lots/ has been purged, triggered by action: save_post 
[2025-03-20 06:34:10 : INFO] - Cache for archive page associated with post_type: cpt_portfolio and Title: "Sunside &#8211; Multifamily 5 Lots" has been purged, triggered by action: save_post 
[2025-03-20 06:34:33 : INFO] - Cache for URL: https://beeusa.net/portfolio/sunside-multifamily-5-lots/ has been purged, triggered by: WPO_Page_Cache::handle_purge_single_page_cache 
[2025-03-20 06:34:42 : INFO] - Full Cache Purge triggered by: WPO_Page_Cache::handle_purge_single_page_cache 
[2025-03-20 06:34:50 : INFO] - Cache for URL: https://beeusa.net/portfolio/sunside-multifamily-5-lots/ has been purged, triggered by action: save_post 
[2025-03-20 06:34:50 : INFO] - Cache for archive page associated with post_type: cpt_portfolio and Title: "Sunside &#8211; Multifamily 5 Lots" has been purged, triggered by action: save_post 
[2025-03-20 06:34:50 : INFO] - Cache for URL: https://beeusa.net/portfolio/sunside-multifamily-5-lots/ has been purged, triggered by action: save_post 
[2025-03-20 06:34:50 : INFO] - Cache for archive page associated with post_type: cpt_portfolio and Title: "Sunside &#8211; Multifamily 5 Lots" has been purged, triggered by action: save_post 
[2025-03-20 06:34:50 : INFO] - Cache for URL: https://beeusa.net/portfolio/sunside-multifamily-5-lots/ has been purged, triggered by action: save_post 
[2025-03-20 06:34:50 : INFO] - Cache for archive page associated with post_type: cpt_portfolio and Title: "Sunside &#8211; Multifamily 5 Lots" has been purged, triggered by action: save_post 
[2025-03-20 06:37:43 : INFO] - Cache for multiple term taxonomy have been purged due to post terms update, triggered by action: set_object_terms 
[2025-03-20 06:37:43 : INFO] - Cache for URL: https://beeusa.net/portfolio/sunside-multifamily-5-lots/ has been purged, triggered by action: save_post 
[2025-03-20 06:37:43 : INFO] - Cache for archive page associated with post_type: cpt_portfolio and Title: "Sunside &#8211; Multifamily 5 Lots" has been purged, triggered by action: save_post 
[2025-03-20 06:38:30 : INFO] - Cache for URL: https://beeusa.net/portfolio/sunside-multifamily-5-lots/ has been purged, triggered by action: save_post 
[2025-03-20 06:38:30 : INFO] - Cache for archive page associated with post_type: cpt_portfolio and Title: "Sunside &#8211; Multifamily 5 Lots" has been purged, triggered by action: save_post 
[2025-03-20 06:38:30 : INFO] - Cache for URL: https://beeusa.net/portfolio/sunside-multifamily-5-lots/ has been purged, triggered by action: save_post 
[2025-03-20 06:38:30 : INFO] - Cache for archive page associated with post_type: cpt_portfolio and Title: "Sunside &#8211; Multifamily 5 Lots" has been purged, triggered by action: save_post 
[2025-03-20 06:38:30 : INFO] - Cache for URL: https://beeusa.net/portfolio/sunside-multifamily-5-lots/ has been purged, triggered by action: save_post 
[2025-03-20 06:38:30 : INFO] - Cache for archive page associated with post_type: cpt_portfolio and Title: "Sunside &#8211; Multifamily 5 Lots" has been purged, triggered by action: save_post 
[2025-03-20 06:39:26 : INFO] - Cache for multiple term taxonomy have been purged due to post terms update, triggered by action: set_object_terms 
[2025-03-20 06:39:26 : INFO] - Cache for URL: https://beeusa.net/portfolio/chapman-commercial-animal-hospital/ has been purged, triggered by action: save_post 
[2025-03-20 06:39:26 : INFO] - Cache for archive page associated with post_type: cpt_portfolio and Title: "Chapman &#8211; Commercial Animal Hospital" has been purged, triggered by action: save_post 
[2025-03-20 06:40:09 : INFO] - Cache for multiple term taxonomy have been purged due to post terms update, triggered by action: set_object_terms 
[2025-03-20 06:40:09 : INFO] - Cache for URL: https://beeusa.net/portfolio/st-charles-house-remodel/ has been purged, triggered by action: save_post 
[2025-03-20 06:40:09 : INFO] - Cache for archive page associated with post_type: cpt_portfolio and Title: "St. Charles &#8211; House Remodel" has been purged, triggered by action: save_post 
[2025-03-20 06:43:50 : INFO] - Cache for multiple term taxonomy have been purged due to post terms update, triggered by action: set_object_terms 
[2025-03-20 06:43:50 : INFO] - Cache for URL: https://beeusa.net/portfolio/sunside-multifamily-5-lots/ has been purged, triggered by action: save_post 
[2025-03-20 06:43:50 : INFO] - Cache for archive page associated with post_type: cpt_portfolio and Title: "Sunside &#8211; Multifamily 5 Lots" has been purged, triggered by action: save_post 
[2025-03-20 06:43:54 : INFO] - Cache for URL: https://beeusa.net/ has been purged, triggered by action: save_post 
[2025-03-20 06:44:17 : INFO] - Cache for multiple term taxonomy have been purged due to post terms update, triggered by action: set_object_terms 
[2025-03-20 06:44:17 : INFO] - Cache for URL: https://beeusa.net/portfolio/sunside-multifamily-5-lots/ has been purged, triggered by action: save_post 
[2025-03-20 06:44:17 : INFO] - Cache for archive page associated with post_type: cpt_portfolio and Title: "Sunside &#8211; Multifamily 5 Lots" has been purged, triggered by action: save_post 
[2025-03-20 06:45:13 : INFO] - Cache for multiple term taxonomy have been purged due to post terms update, triggered by action: set_object_terms 
[2025-03-20 06:45:13 : INFO] - Cache for URL: https://beeusa.net/portfolio/sunside-multifamily-5-lots/ has been purged, triggered by action: save_post 
[2025-03-20 06:45:13 : INFO] - Cache for archive page associated with post_type: cpt_portfolio and Title: "Sunside &#8211; Multifamily 5 Lots" has been purged, triggered by action: save_post 
[2025-03-20 06:45:54 : INFO] - Cache for URL: https://beeusa.net/portfolio/sunside-multifamily-5-lots/ has been purged, triggered by action: save_post 
[2025-03-20 06:45:54 : INFO] - Cache for archive page associated with post_type: cpt_portfolio and Title: "Sunside &#8211; Multifamily 5 Lots" has been purged, triggered by action: save_post 
[2025-03-20 06:45:54 : INFO] - Cache for URL: https://beeusa.net/portfolio/sunside-multifamily-5-lots/ has been purged, triggered by action: save_post 
[2025-03-20 06:45:54 : INFO] - Cache for archive page associated with post_type: cpt_portfolio and Title: "Sunside &#8211; Multifamily 5 Lots" has been purged, triggered by action: save_post 
[2025-03-20 06:45:54 : INFO] - Cache for URL: https://beeusa.net/portfolio/sunside-multifamily-5-lots/ has been purged, triggered by action: save_post 
[2025-03-20 06:45:54 : INFO] - Cache for archive page associated with post_type: cpt_portfolio and Title: "Sunside &#8211; Multifamily 5 Lots" has been purged, triggered by action: save_post 
[2025-03-20 06:49:25 : INFO] - Cache for URL: https://beeusa.net/our-company/ has been purged, triggered by action: save_post 
[2025-03-20 06:49:26 : INFO] - Cache for URL: https://beeusa.net/our-company/ has been purged, triggered by action: save_post 
[2025-03-20 06:49:27 : INFO] - Cache for URL: https://beeusa.net/our-company/ has been purged, triggered by action: save_post 
[2025-03-20 06:55:54 : INFO] - Cache for multiple term taxonomy have been purged due to post terms update, triggered by action: set_object_terms 
[2025-03-20 06:55:54 : INFO] - Cache for URL: https://beeusa.net/portfolio/sunside-multifamily-5-lots/ has been purged, triggered by action: save_post 
[2025-03-20 06:55:54 : INFO] - Cache for archive page associated with post_type: cpt_portfolio and Title: "Sunside &#8211; Multifamily 5 Lots" has been purged, triggered by action: save_post 
[2025-03-20 06:56:16 : INFO] - Full Cache Purge triggered by: WPO_Page_Cache::handle_purge_single_page_cache 
[2025-03-20 07:01:24 : INFO] - Cache for multiple term taxonomy have been purged due to post terms update, triggered by action: set_object_terms 
[2025-03-20 07:01:24 : INFO] - Cache for URL: https://beeusa.net/portfolio/sunside-multifamily-5-lots/ has been purged, triggered by action: save_post 
[2025-03-20 07:01:24 : INFO] - Cache for archive page associated with post_type: cpt_portfolio and Title: "Sunside &#8211; Multifamily 5 Lots" has been purged, triggered by action: save_post 
[2025-03-20 07:02:06 : INFO] - Cache for URL: https://beeusa.net/portfolio/sunside-multifamily-5-lots/ has been purged, triggered by action: save_post 
[2025-03-20 07:02:07 : INFO] - Cache for archive page associated with post_type: cpt_portfolio and Title: "Sunside &#8211; Multifamily 5 Lots" has been purged, triggered by action: save_post 
[2025-03-20 07:02:07 : INFO] - Cache for URL: https://beeusa.net/portfolio/sunside-multifamily-5-lots/ has been purged, triggered by action: save_post 
[2025-03-20 07:02:07 : INFO] - Cache for archive page associated with post_type: cpt_portfolio and Title: "Sunside &#8211; Multifamily 5 Lots" has been purged, triggered by action: save_post 
[2025-03-20 07:02:07 : INFO] - Cache for URL: https://beeusa.net/portfolio/sunside-multifamily-5-lots/ has been purged, triggered by action: save_post 
[2025-03-20 07:02:07 : INFO] - Cache for archive page associated with post_type: cpt_portfolio and Title: "Sunside &#8211; Multifamily 5 Lots" has been purged, triggered by action: save_post 
[2025-03-20 07:03:34 : INFO] - Cache for multiple term taxonomy have been purged due to post terms update, triggered by action: set_object_terms 
[2025-03-20 07:03:34 : INFO] - Cache for URL: https://beeusa.net/portfolio/jasmine-ave/ has been purged, triggered by action: save_post 
[2025-03-20 07:03:34 : INFO] - Cache for archive page associated with post_type: cpt_portfolio and Title: "Jasmine Ave" has been purged, triggered by action: save_post 
[2025-03-20 07:17:18 : INFO] - Cache for multiple term taxonomy have been purged due to post terms update, triggered by action: set_object_terms 
[2025-03-20 07:17:18 : INFO] - Cache for URL: https://beeusa.net/portfolio/sunside-multifamily-5-lots/ has been purged, triggered by action: save_post 
[2025-03-20 07:17:18 : INFO] - Cache for archive page associated with post_type: cpt_portfolio and Title: "Sunside &#8211; Multifamily 5 Lots" has been purged, triggered by action: save_post 
[2025-03-20 07:21:09 : INFO] - Cache for URL: https://beeusa.net/portfolio/sunside-multifamily-5-lots/ has been purged, triggered by action: save_post 
[2025-03-20 07:21:09 : INFO] - Cache for archive page associated with post_type: cpt_portfolio and Title: "Sunside &#8211; Multifamily 5 Lots" has been purged, triggered by action: save_post 
[2025-03-20 07:21:09 : INFO] - Cache for URL: https://beeusa.net/portfolio/sunside-multifamily-5-lots/ has been purged, triggered by action: save_post 
[2025-03-20 07:21:09 : INFO] - Cache for archive page associated with post_type: cpt_portfolio and Title: "Sunside &#8211; Multifamily 5 Lots" has been purged, triggered by action: save_post 
[2025-03-20 07:21:09 : INFO] - Cache for URL: https://beeusa.net/portfolio/sunside-multifamily-5-lots/ has been purged, triggered by action: save_post 
[2025-03-20 07:21:09 : INFO] - Cache for archive page associated with post_type: cpt_portfolio and Title: "Sunside &#8211; Multifamily 5 Lots" has been purged, triggered by action: save_post 
[2025-03-20 07:23:18 : INFO] - Cache for multiple term taxonomy have been purged due to post terms update, triggered by action: set_object_terms 
[2025-03-20 07:23:18 : INFO] - Cache for URL: https://beeusa.net/portfolio/pantera-house-remodel/ has been purged, triggered by action: save_post 
[2025-03-20 07:23:18 : INFO] - Cache for archive page associated with post_type: cpt_portfolio and Title: "Pantera &#8211; House Remodel" has been purged, triggered by action: save_post 
[2025-03-20 07:23:56 : INFO] - Cache for URL: https://beeusa.net/portfolio/pantera-house-remodel/ has been purged, triggered by action: save_post 
[2025-03-20 07:23:56 : INFO] - Cache for archive page associated with post_type: cpt_portfolio and Title: "Pantera &#8211; House Remodel" has been purged, triggered by action: save_post 
[2025-03-20 07:23:57 : INFO] - Cache for URL: https://beeusa.net/portfolio/pantera-house-remodel/ has been purged, triggered by action: save_post 
[2025-03-20 07:23:57 : INFO] - Cache for archive page associated with post_type: cpt_portfolio and Title: "Pantera &#8211; House Remodel" has been purged, triggered by action: save_post 
[2025-03-20 07:23:57 : INFO] - Cache for URL: https://beeusa.net/portfolio/pantera-house-remodel/ has been purged, triggered by action: save_post 
[2025-03-20 07:23:57 : INFO] - Cache for archive page associated with post_type: cpt_portfolio and Title: "Pantera &#8211; House Remodel" has been purged, triggered by action: save_post 
[2025-03-20 07:24:40 : INFO] - Cache for multiple term taxonomy have been purged due to post terms update, triggered by action: set_object_terms 
[2025-03-20 07:24:40 : INFO] - Cache for URL: https://beeusa.net/portfolio/pantera-house-remodel/ has been purged, triggered by action: save_post 
[2025-03-20 07:24:40 : INFO] - Cache for archive page associated with post_type: cpt_portfolio and Title: "Pantera &#8211; House Remodel" has been purged, triggered by action: save_post 
[2025-03-20 07:25:47 : INFO] - Cache for URL: https://beeusa.net/portfolio/la-jolla-lane/ has been purged, triggered by action: save_post 
[2025-03-20 07:25:47 : INFO] - Cache for archive page associated with post_type: cpt_portfolio and Title: "La Jolla Lane" has been purged, triggered by action: save_post 
[2025-03-20 07:25:48 : INFO] - Cache for URL: https://beeusa.net/portfolio/la-jolla-lane/ has been purged, triggered by action: save_post 
[2025-03-20 07:25:48 : INFO] - Cache for archive page associated with post_type: cpt_portfolio and Title: "La Jolla Lane" has been purged, triggered by action: save_post 
[2025-03-20 07:25:48 : INFO] - Cache for URL: https://beeusa.net/portfolio/la-jolla-lane/ has been purged, triggered by action: save_post 
[2025-03-20 07:25:48 : INFO] - Cache for archive page associated with post_type: cpt_portfolio and Title: "La Jolla Lane" has been purged, triggered by action: save_post 
[2025-03-20 07:29:47 : INFO] - Cache for multiple term taxonomy have been purged due to post terms update, triggered by action: set_object_terms 
[2025-03-20 07:29:47 : INFO] - Cache for URL: https://beeusa.net/portfolio/la-jolla-lane/ has been purged, triggered by action: save_post 
[2025-03-20 07:29:47 : INFO] - Cache for archive page associated with post_type: cpt_portfolio and Title: "La Jolla Lane" has been purged, triggered by action: save_post 
[2025-03-20 07:30:17 : INFO] - Cache for multiple term taxonomy have been purged due to post terms update, triggered by action: set_object_terms 
[2025-03-20 07:30:17 : INFO] - Cache for URL: https://beeusa.net/portfolio/la-jolla-lane/ has been purged, triggered by action: save_post 
[2025-03-20 07:30:17 : INFO] - Cache for archive page associated with post_type: cpt_portfolio and Title: "La Jolla Lane" has been purged, triggered by action: save_post 
[2025-03-20 07:31:30 : INFO] - Cache for multiple term taxonomy have been purged due to post terms update, triggered by action: set_object_terms 
[2025-03-20 07:31:30 : INFO] - Cache for URL: https://beeusa.net/portfolio/jasmine-ave/ has been purged, triggered by action: save_post 
[2025-03-20 07:31:30 : INFO] - Cache for archive page associated with post_type: cpt_portfolio and Title: "Jasmine Ave" has been purged, triggered by action: save_post 
[2025-03-20 07:32:53 : INFO] - Cache for multiple term taxonomy have been purged due to post terms update, triggered by action: set_object_terms 
[2025-03-20 07:32:53 : INFO] - Cache for URL: https://beeusa.net/portfolio/channel-pi/ has been purged, triggered by action: save_post 
[2025-03-20 07:32:53 : INFO] - Cache for archive page associated with post_type: cpt_portfolio and Title: "Channel PI" has been purged, triggered by action: save_post 
[2025-03-20 07:35:34 : INFO] - Cache for URL: https://beeusa.net/portfolio/channel-pi/ has been purged, triggered by action: save_post 
[2025-03-20 07:35:34 : INFO] - Cache for archive page associated with post_type: cpt_portfolio and Title: "Channel PI" has been purged, triggered by action: save_post 
[2025-03-20 07:35:34 : INFO] - Cache for URL: https://beeusa.net/portfolio/channel-pi/ has been purged, triggered by action: save_post 
[2025-03-20 07:35:34 : INFO] - Cache for archive page associated with post_type: cpt_portfolio and Title: "Channel PI" has been purged, triggered by action: save_post 
[2025-03-20 07:35:35 : INFO] - Cache for URL: https://beeusa.net/portfolio/channel-pi/ has been purged, triggered by action: save_post 
[2025-03-20 07:35:35 : INFO] - Cache for archive page associated with post_type: cpt_portfolio and Title: "Channel PI" has been purged, triggered by action: save_post 
[2025-03-20 07:41:44 : INFO] - Full Cache Purge triggered by: WPO_Page_Cache::handle_purge_single_page_cache 
[2025-03-20 07:42:21 : INFO] - Cache for URL: https://beeusa.net/ has been purged, triggered by: WPO_Page_Cache::handle_purge_single_page_cache 
[2025-03-20 07:42:50 : INFO] - Cache for URL: https://beeusa.net/?p=36812 has been purged, triggered by action: save_post 
[2025-03-20 07:42:50 : INFO] - Cache for blog post has been purged due to updates to post with Title: "Auto Draft" and URL: https://beeusa.net/?p=36812, triggered by action: save_post 
[2025-03-20 07:42:50 : INFO] - Cache for previous post (with URL: https://beeusa.net/the-bee-construction-ecosystem-a-network-of-excellence/) adjacent to post with id: 36812 has been purged, triggered by action: save_post 
[2025-03-20 07:42:50 : INFO] - Cache for all archives page associated with post_type: post and Title: "Auto Draft" have been purged, triggered by action: save_post 
[2025-03-20 07:44:11 : INFO] - Cache for URL: https://beeusa.net/our-company/ has been purged, triggered by action: save_post 
[2025-03-20 07:44:12 : INFO] - Cache for URL: https://beeusa.net/our-company/ has been purged, triggered by action: save_post 
[2025-03-20 07:44:12 : INFO] - Cache for URL: https://beeusa.net/our-company/ has been purged, triggered by action: save_post 
[2025-03-20 07:44:18 : INFO] - Cache for URL: https://beeusa.net/our-company/ has been purged, triggered by action: save_post 
[2025-03-20 07:44:19 : INFO] - Cache for URL: https://beeusa.net/our-company/ has been purged, triggered by action: save_post 
[2025-03-20 07:44:20 : INFO] - Cache for URL: https://beeusa.net/our-company/ has been purged, triggered by action: save_post 
[2025-03-20 07:44:27 : INFO] - Cache for URL: https://beeusa.net/ has been purged, triggered by action: save_post 
[2025-03-20 07:44:27 : INFO] - Cache for URL: https://beeusa.net/ has been purged, triggered by action: save_post 
[2025-03-20 07:44:28 : INFO] - Cache for URL: https://beeusa.net/ has been purged, triggered by action: save_post 
[2025-03-20 07:58:07 : INFO] - Cache for multiple term taxonomy have been purged due to post terms update, triggered by action: set_object_terms 
[2025-03-20 07:58:07 : INFO] - Cache for URL: https://beeusa.net/the-bee-construction-ecosystem-a-network-of-excellence/ has been purged, triggered by action: save_post 
[2025-03-20 07:58:07 : INFO] - Cache for blog post has been purged due to updates to post with Title: "The Bee Construction Ecosystem: A Network of Excellence" and URL: https://beeusa.net/the-bee-construction-ecosystem-a-network-of-excellence/, triggered by action: save_post 
[2025-03-20 07:58:07 : INFO] - Cache for previous post (with URL: https://beeusa.net/the-art-of-building-lasting-relationships-with-quality-subcontractors/) adjacent to post with id: 36377 has been purged, triggered by action: save_post 
[2025-03-20 07:58:07 : INFO] - Cache for all archives page associated with post_type: post and Title: "The Bee Construction Ecosystem: A Network of Excellence" have been purged, triggered by action: save_post 
[2025-03-20 07:59:37 : INFO] - Cache for multiple term taxonomy have been purged due to post terms update, triggered by action: set_object_terms 
[2025-03-20 07:59:37 : INFO] - Cache for URL: https://beeusa.net/the-bee-construction-ecosystem-a-network-of-excellence/ has been purged, triggered by action: save_post 
[2025-03-20 07:59:37 : INFO] - Cache for blog post has been purged due to updates to post with Title: "The Bee Construction Ecosystem: A Network of Excellence" and URL: https://beeusa.net/the-bee-construction-ecosystem-a-network-of-excellence/, triggered by action: save_post 
[2025-03-20 07:59:37 : INFO] - Cache for previous post (with URL: https://beeusa.net/the-art-of-building-lasting-relationships-with-quality-subcontractors/) adjacent to post with id: 36377 has been purged, triggered by action: save_post 
[2025-03-20 07:59:37 : INFO] - Cache for all archives page associated with post_type: post and Title: "The Bee Construction Ecosystem: A Network of Excellence" have been purged, triggered by action: save_post 
[2025-03-20 08:00:12 : INFO] - Cache for multiple term taxonomy have been purged due to post terms update, triggered by action: set_object_terms 
[2025-03-20 08:00:12 : INFO] - Cache for URL: https://beeusa.net/the-bee-construction-ecosystem-a-network-of-excellence/ has been purged, triggered by action: save_post 
[2025-03-20 08:00:12 : INFO] - Cache for blog post has been purged due to updates to post with Title: "The Bee Construction Ecosystem: A Network of Excellence" and URL: https://beeusa.net/the-bee-construction-ecosystem-a-network-of-excellence/, triggered by action: save_post 
[2025-03-20 08:00:12 : INFO] - Cache for previous post (with URL: https://beeusa.net/the-art-of-building-lasting-relationships-with-quality-subcontractors/) adjacent to post with id: 36377 has been purged, triggered by action: save_post 
[2025-03-20 08:00:12 : INFO] - Cache for all archives page associated with post_type: post and Title: "The Bee Construction Ecosystem: A Network of Excellence" have been purged, triggered by action: save_post 
[2025-03-20 08:01:11 : INFO] - Cache for multiple term taxonomy have been purged due to post terms update, triggered by action: set_object_terms 
[2025-03-20 08:01:11 : INFO] - Cache for URL: https://beeusa.net/the-bee-construction-ecosystem-a-network-of-excellence/ has been purged, triggered by action: save_post 
[2025-03-20 08:01:11 : INFO] - Cache for blog post has been purged due to updates to post with Title: "The Bee Construction Ecosystem: A Network of Excellence" and URL: https://beeusa.net/the-bee-construction-ecosystem-a-network-of-excellence/, triggered by action: save_post 
[2025-03-20 08:01:11 : INFO] - Cache for previous post (with URL: https://beeusa.net/the-art-of-building-lasting-relationships-with-quality-subcontractors/) adjacent to post with id: 36377 has been purged, triggered by action: save_post 
[2025-03-20 08:01:11 : INFO] - Cache for all archives page associated with post_type: post and Title: "The Bee Construction Ecosystem: A Network of Excellence" have been purged, triggered by action: save_post 
[2025-03-20 08:01:47 : INFO] - Cache for multiple term taxonomy have been purged due to post terms update, triggered by action: set_object_terms 
[2025-03-20 08:01:47 : INFO] - Cache for URL: https://beeusa.net/the-bee-construction-ecosystem-a-network-of-excellence/ has been purged, triggered by action: save_post 
[2025-03-20 08:01:47 : INFO] - Cache for blog post has been purged due to updates to post with Title: "The Bee Construction Ecosystem: A Network of Excellence" and URL: https://beeusa.net/the-bee-construction-ecosystem-a-network-of-excellence/, triggered by action: save_post 
[2025-03-20 08:01:47 : INFO] - Cache for previous post (with URL: https://beeusa.net/the-art-of-building-lasting-relationships-with-quality-subcontractors/) adjacent to post with id: 36377 has been purged, triggered by action: save_post 
[2025-03-20 08:01:47 : INFO] - Cache for all archives page associated with post_type: post and Title: "The Bee Construction Ecosystem: A Network of Excellence" have been purged, triggered by action: save_post 
[2025-03-20 08:02:14 : INFO] - Cache for URL: https://beeusa.net/the-bee-construction-ecosystem-a-network-of-excellence/ has been purged, triggered by action: comment_post 
[2025-03-20 08:05:15 : INFO] - Cache for multiple term taxonomy have been purged due to post terms update, triggered by action: set_object_terms 
[2025-03-20 08:05:15 : INFO] - Cache for URL: https://beeusa.net/the-bee-construction-ecosystem-a-network-of-excellence/ has been purged, triggered by action: save_post 
[2025-03-20 08:05:15 : INFO] - Cache for blog post has been purged due to updates to post with Title: "The Bee Construction Ecosystem: A Network of Excellence" and URL: https://beeusa.net/the-bee-construction-ecosystem-a-network-of-excellence/, triggered by action: save_post 
[2025-03-20 08:05:15 : INFO] - Cache for previous post (with URL: https://beeusa.net/the-art-of-building-lasting-relationships-with-quality-subcontractors/) adjacent to post with id: 36377 has been purged, triggered by action: save_post 
[2025-03-20 08:05:15 : INFO] - Cache for all archives page associated with post_type: post and Title: "The Bee Construction Ecosystem: A Network of Excellence" have been purged, triggered by action: save_post 
[2025-03-20 08:06:32 : INFO] - Cache for multiple term taxonomy have been purged due to post terms update, triggered by action: set_object_terms 
[2025-03-20 08:06:32 : INFO] - Cache for URL: https://beeusa.net/the-bee-construction-ecosystem-a-network-of-excellence/ has been purged, triggered by action: save_post 
[2025-03-20 08:06:32 : INFO] - Cache for blog post has been purged due to updates to post with Title: "The Bee Construction Ecosystem: A Network of Excellence" and URL: https://beeusa.net/the-bee-construction-ecosystem-a-network-of-excellence/, triggered by action: save_post 
[2025-03-20 08:06:32 : INFO] - Cache for previous post (with URL: https://beeusa.net/the-art-of-building-lasting-relationships-with-quality-subcontractors/) adjacent to post with id: 36377 has been purged, triggered by action: save_post 
[2025-03-20 08:06:32 : INFO] - Cache for all archives page associated with post_type: post and Title: "The Bee Construction Ecosystem: A Network of Excellence" have been purged, triggered by action: save_post 
[2025-03-20 08:07:58 : INFO] - Cache for multiple term taxonomy have been purged due to post terms update, triggered by action: set_object_terms 
[2025-03-20 08:07:58 : INFO] - Cache for URL: https://beeusa.net/the-bee-construction-ecosystem-a-network-of-excellence/ has been purged, triggered by action: save_post 
[2025-03-20 08:07:58 : INFO] - Cache for blog post has been purged due to updates to post with Title: "The Bee Construction Ecosystem: A Network of Excellence" and URL: https://beeusa.net/the-bee-construction-ecosystem-a-network-of-excellence/, triggered by action: save_post 
[2025-03-20 08:07:58 : INFO] - Cache for previous post (with URL: https://beeusa.net/the-art-of-building-lasting-relationships-with-quality-subcontractors/) adjacent to post with id: 36377 has been purged, triggered by action: save_post 
[2025-03-20 08:07:58 : INFO] - Cache for all archives page associated with post_type: post and Title: "The Bee Construction Ecosystem: A Network of Excellence" have been purged, triggered by action: save_post 
[2025-03-20 08:09:07 : INFO] - Cache for multiple term taxonomy have been purged due to post terms update, triggered by action: set_object_terms 
[2025-03-20 08:09:07 : INFO] - Cache for URL: https://beeusa.net/the-bee-construction-ecosystem-a-network-of-excellence/ has been purged, triggered by action: save_post 
[2025-03-20 08:09:07 : INFO] - Cache for blog post has been purged due to updates to post with Title: "The Bee Construction Ecosystem: A Network of Excellence" and URL: https://beeusa.net/the-bee-construction-ecosystem-a-network-of-excellence/, triggered by action: save_post 
[2025-03-20 08:09:07 : INFO] - Cache for previous post (with URL: https://beeusa.net/the-art-of-building-lasting-relationships-with-quality-subcontractors/) adjacent to post with id: 36377 has been purged, triggered by action: save_post 
[2025-03-20 08:09:07 : INFO] - Cache for all archives page associated with post_type: post and Title: "The Bee Construction Ecosystem: A Network of Excellence" have been purged, triggered by action: save_post 
[2025-03-20 08:15:36 : INFO] - Cache for multiple term taxonomy have been purged due to post terms update, triggered by action: set_object_terms 
[2025-03-20 08:15:36 : INFO] - Cache for URL: https://beeusa.net/the-art-of-building-lasting-relationships-with-quality-subcontractors/ has been purged, triggered by action: save_post 
[2025-03-20 08:15:36 : INFO] - Cache for blog post has been purged due to updates to post with Title: "The Art of Building Lasting Relationships with Quality Subcontractors" and URL: https://beeusa.net/the-art-of-building-lasting-relationships-with-quality-subcontractors/, triggered by action: save_post 
[2025-03-20 08:15:36 : INFO] - Cache for previous post (with URL: https://beeusa.net/the-importance-of-structural-integrity-building-foundations-for-the-future/) adjacent to post with id: 36375 has been purged, triggered by action: save_post 
[2025-03-20 08:15:36 : INFO] - Cache for next post (with URL: https://beeusa.net/the-bee-construction-ecosystem-a-network-of-excellence/) adjacent to post with id: 36375 has been purged, triggered by action: save_post 
[2025-03-20 08:15:36 : INFO] - Cache for all archives page associated with post_type: post and Title: "The Art of Building Lasting Relationships with Quality Subcontractors" have been purged, triggered by action: save_post 
[2025-03-20 08:16:25 : INFO] - Cache for multiple term taxonomy have been purged due to post terms update, triggered by action: set_object_terms 
[2025-03-20 08:16:25 : INFO] - Cache for URL: https://beeusa.net/the-bee-construction-ecosystem-a-network-of-excellence/ has been purged, triggered by action: save_post 
[2025-03-20 08:16:25 : INFO] - Cache for blog post has been purged due to updates to post with Title: "The Bee Construction Ecosystem: A Network of Excellence" and URL: https://beeusa.net/the-bee-construction-ecosystem-a-network-of-excellence/, triggered by action: save_post 
[2025-03-20 08:16:25 : INFO] - Cache for previous post (with URL: https://beeusa.net/the-art-of-building-lasting-relationships-with-quality-subcontractors/) adjacent to post with id: 36377 has been purged, triggered by action: save_post 
[2025-03-20 08:16:25 : INFO] - Cache for all archives page associated with post_type: post and Title: "The Bee Construction Ecosystem: A Network of Excellence" have been purged, triggered by action: save_post 
[2025-03-20 08:20:23 : INFO] - Cache for multiple term taxonomy have been purged due to post terms update, triggered by action: set_object_terms 
[2025-03-20 08:20:23 : INFO] - Cache for multiple term taxonomy have been purged due to post terms update, triggered by action: set_object_terms 
[2025-03-20 08:20:23 : INFO] - Cache for URL: https://beeusa.net/the-importance-of-structural-integrity-building-foundations-for-the-future/ has been purged, triggered by action: save_post 
[2025-03-20 08:20:23 : INFO] - Cache for blog post has been purged due to updates to post with Title: "The Importance of Structural Integrity: Building Foundations for the Future" and URL: https://beeusa.net/the-importance-of-structural-integrity-building-foundations-for-the-future/, triggered by action: save_post 
[2025-03-20 08:20:23 : INFO] - Cache for next post (with URL: https://beeusa.net/the-art-of-building-lasting-relationships-with-quality-subcontractors/) adjacent to post with id: 36363 has been purged, triggered by action: save_post 
[2025-03-20 08:20:23 : INFO] - Cache for all archives page associated with post_type: post and Title: "The Importance of Structural Integrity: Building Foundations for the Future" have been purged, triggered by action: save_post 
[2025-03-20 08:23:26 : INFO] - Cache for URL: https://beeusa.net/request-a-quote/ has been purged, triggered by action: save_post 
[2025-03-20 08:23:27 : INFO] - Cache for URL: https://beeusa.net/request-a-quote/ has been purged, triggered by action: save_post 
[2025-03-20 08:23:27 : INFO] - Cache for URL: https://beeusa.net/request-a-quote/ has been purged, triggered by action: save_post 
[2025-03-20 08:23:55 : INFO] - Cache for URL: https://beeusa.net/request-a-quote/ has been purged, triggered by action: save_post 
[2025-03-20 08:23:56 : INFO] - Cache for URL: https://beeusa.net/request-a-quote/ has been purged, triggered by action: save_post 
[2025-03-20 08:23:56 : INFO] - Cache for URL: https://beeusa.net/request-a-quote/ has been purged, triggered by action: save_post 
[2025-03-20 08:25:33 : INFO] - Cache for URL: https://beeusa.net/layouts/footer-default/ has been purged, triggered by action: save_post 
[2025-03-20 08:25:33 : INFO] - Cache for URL: https://beeusa.net/layouts/footer-default/ has been purged, triggered by action: save_post 
[2025-03-20 08:25:34 : INFO] - Cache for URL: https://beeusa.net/layouts/footer-default/ has been purged, triggered by action: save_post 
[2025-03-20 08:27:48 : INFO] - Cache for URL: https://beeusa.net/layouts/footer-services-single/ has been purged, triggered by action: save_post 
[2025-03-20 08:27:49 : INFO] - Cache for URL: https://beeusa.net/layouts/footer-services-single/ has been purged, triggered by action: save_post 
[2025-03-20 08:27:49 : INFO] - Cache for URL: https://beeusa.net/layouts/footer-services-single/ has been purged, triggered by action: save_post 
[2025-03-20 08:33:39 : INFO] - Cache for URL: https://beeusa.net/test/ has been purged, triggered by action: wp_trash_post 
[2025-03-20 08:33:39 : INFO] - Cache for URL: https://beeusa.net/?page_id=34678 has been purged, triggered by action: save_post 
[2025-03-20 09:16:20 : INFO] - Cache for multiple term taxonomy have been purged due to post terms update, triggered by action: set_object_terms 
[2025-03-20 09:16:20 : INFO] - Cache for URL: https://beeusa.net/portfolio/la-jolla-lane/ has been purged, triggered by action: save_post 
[2025-03-20 09:16:20 : INFO] - Cache for archive page associated with post_type: cpt_portfolio and Title: "La Jolla Lane" has been purged, triggered by action: save_post 
[2025-03-20 09:23:05 : INFO] - Cache for URL: https://beeusa.net/request-a-quote/ has been purged, triggered by action: save_post 
[2025-03-20 09:23:05 : INFO] - Cache for URL: https://beeusa.net/request-a-quote/ has been purged, triggered by action: save_post 
[2025-03-20 09:23:05 : INFO] - Cache for URL: https://beeusa.net/request-a-quote/ has been purged, triggered by action: save_post 
[2025-03-20 09:48:30 : INFO] - Cache for URL: https://beeusa.net/layouts/panel-bar/ has been purged, triggered by action: save_post 
[2025-03-20 09:48:30 : INFO] - Cache for URL: https://beeusa.net/layouts/panel-bar/ has been purged, triggered by action: save_post 
[2025-03-20 09:48:30 : INFO] - Cache for URL: https://beeusa.net/layouts/panel-bar/ has been purged, triggered by action: save_post 
[2025-03-20 09:54:53 : INFO] - Cache for URL: https://beeusa.net/layouts/footer-default/ has been purged, triggered by action: save_post 
[2025-03-20 09:54:53 : INFO] - Cache for URL: https://beeusa.net/layouts/footer-default/ has been purged, triggered by action: save_post 
[2025-03-20 09:54:54 : INFO] - Cache for URL: https://beeusa.net/layouts/footer-default/ has been purged, triggered by action: save_post 
[2025-03-20 09:58:28 : INFO] - Cache for URL: https://beeusa.net/layouts/footer-services-single/ has been purged, triggered by action: save_post 
[2025-03-20 09:58:28 : INFO] - Cache for URL: https://beeusa.net/layouts/footer-services-single/ has been purged, triggered by action: save_post 
[2025-03-20 09:58:29 : INFO] - Cache for URL: https://beeusa.net/layouts/footer-services-single/ has been purged, triggered by action: save_post 
[2025-03-20 10:05:32 : INFO] - Cache for URL: https://beeusa.net/layouts/mailchimp-popup/ has been purged, triggered by action: wp_trash_post 
[2025-03-20 10:05:32 : INFO] - Cache for URL: https://beeusa.net/?post_type=cpt_layouts&p=7074 has been purged, triggered by action: save_post 
[2025-03-20 10:06:19 : INFO] - Cache for URL: https://beeusa.net/layouts/mailchimp-popup-2/ has been purged, triggered by action: wp_trash_post 
[2025-03-20 10:06:19 : INFO] - Cache for URL: https://beeusa.net/?post_type=cpt_layouts&p=29467 has been purged, triggered by action: save_post 
[2025-03-20 10:07:28 : INFO] - Cache for URL: https://beeusa.net/services/custom-home-construction/ has been purged, triggered by: WPO_Page_Cache::handle_purge_single_page_cache 
[2025-03-20 10:08:05 : INFO] - Cache for URL: https://beeusa.net/services/custom-home-construction/ has been purged, triggered by: WPO_Page_Cache::handle_purge_single_page_cache 
[2025-03-20 10:08:20 : INFO] - Full Cache Purge triggered by: WPO_Page_Cache::handle_purge_single_page_cache 
[2025-03-20 10:23:34 : INFO] - Cache for URL: https://beeusa.net/the-bee-construction-ecosystem-a-network-of-excellence/ has been purged, triggered by action: wp_set_comment_status 
[2025-03-20 10:35:10 : INFO] - Full Cache Purge triggered by action: customize_save_after 
[2025-03-20 10:36:29 : INFO] - Full Cache Purge triggered by action: customize_save_after 
[2025-03-20 10:38:32 : INFO] - Full Cache Purge triggered by: WPO_Page_Cache::handle_purge_single_page_cache 
[2025-03-21 01:17:33 : INFO] - Cache for URL: https://beeusa.net/?p=36865 has been purged, triggered by action: save_post 
[2025-03-21 01:17:33 : INFO] - Cache for blog post has been purged due to updates to post with Title: "Auto Draft" and URL: https://beeusa.net/?p=36865, triggered by action: save_post 
[2025-03-21 01:17:33 : INFO] - Cache for previous post (with URL: https://beeusa.net/the-bee-construction-ecosystem-a-network-of-excellence/) adjacent to post with id: 36865 has been purged, triggered by action: save_post 
[2025-03-21 01:17:33 : INFO] - Cache for all archives page associated with post_type: post and Title: "Auto Draft" have been purged, triggered by action: save_post 
[2025-03-21 01:49:18 : INFO] - Cache for URL: https://beeusa.net/?p=36866 has been purged, triggered by action: save_post 
[2025-03-21 01:49:18 : INFO] - Cache for blog post has been purged due to updates to post with Title: "Auto Draft" and URL: https://beeusa.net/?p=36866, triggered by action: save_post 
[2025-03-21 01:49:18 : INFO] - Cache for previous post (with URL: https://beeusa.net/the-bee-construction-ecosystem-a-network-of-excellence/) adjacent to post with id: 36866 has been purged, triggered by action: save_post 
[2025-03-21 01:49:18 : INFO] - Cache for all archives page associated with post_type: post and Title: "Auto Draft" have been purged, triggered by action: save_post 
[2025-03-21 01:54:13 : INFO] - Cache for URL: https://beeusa.net/?p=36867 has been purged, triggered by action: save_post 
[2025-03-21 01:54:13 : INFO] - Cache for blog post has been purged due to updates to post with Title: "Auto Draft" and URL: https://beeusa.net/?p=36867, triggered by action: save_post 
[2025-03-21 01:54:13 : INFO] - Cache for previous post (with URL: https://beeusa.net/the-bee-construction-ecosystem-a-network-of-excellence/) adjacent to post with id: 36867 has been purged, triggered by action: save_post 
[2025-03-21 01:54:13 : INFO] - Cache for all archives page associated with post_type: post and Title: "Auto Draft" have been purged, triggered by action: save_post 
[2025-03-21 01:54:22 : INFO] - Cache for URL: https://beeusa.net/?p=36868 has been purged, triggered by action: save_post 
[2025-03-21 01:54:22 : INFO] - Cache for blog post has been purged due to updates to post with Title: "Auto Draft" and URL: https://beeusa.net/?p=36868, triggered by action: save_post 
[2025-03-21 01:54:22 : INFO] - Cache for previous post (with URL: https://beeusa.net/the-bee-construction-ecosystem-a-network-of-excellence/) adjacent to post with id: 36868 has been purged, triggered by action: save_post 
[2025-03-21 01:54:22 : INFO] - Cache for all archives page associated with post_type: post and Title: "Auto Draft" have been purged, triggered by action: save_post 
[2025-03-21 01:58:49 : INFO] - Cache for URL: https://beeusa.net/?p=36869 has been purged, triggered by action: save_post 
[2025-03-21 01:58:49 : INFO] - Cache for blog post has been purged due to updates to post with Title: "Auto Draft" and URL: https://beeusa.net/?p=36869, triggered by action: save_post 
[2025-03-21 01:58:49 : INFO] - Cache for previous post (with URL: https://beeusa.net/the-bee-construction-ecosystem-a-network-of-excellence/) adjacent to post with id: 36869 has been purged, triggered by action: save_post 
[2025-03-21 01:58:49 : INFO] - Cache for all archives page associated with post_type: post and Title: "Auto Draft" have been purged, triggered by action: save_post 
[2025-03-21 02:06:17 : INFO] - Cache for URL: https://beeusa.net/?p=36870 has been purged, triggered by action: save_post 
[2025-03-21 02:06:17 : INFO] - Cache for blog post has been purged due to updates to post with Title: "Auto Draft" and URL: https://beeusa.net/?p=36870, triggered by action: save_post 
[2025-03-21 02:06:17 : INFO] - Cache for previous post (with URL: https://beeusa.net/the-bee-construction-ecosystem-a-network-of-excellence/) adjacent to post with id: 36870 has been purged, triggered by action: save_post 
[2025-03-21 02:06:17 : INFO] - Cache for all archives page associated with post_type: post and Title: "Auto Draft" have been purged, triggered by action: save_post 
